20:36:40.447 [ATL-Logging-Thread] INFO  - Organising filesystem

20:36:40.490 [ATL-Logging-Thread] INFO  - ATLauncher Version: 3.4.38.0 [bf50224bffa5a20b5d0f49804df5d999a3d8b3bf]

20:36:40.493 [ATL-Logging-Thread] INFO  - App Arguments: []

20:36:40.493 [ATL-Logging-Thread] INFO  - JVM Arguments: []

20:36:40.498 [ATL-Logging-Thread] INFO  - Java Version: Java 17 (17.0.11)

20:36:40.500 [ATL-Logging-Thread] INFO  - Java Path: /usr/lib/jvm/java-17-openjdk

20:36:40.501 [ATL-Logging-Thread] INFO  - 64 Bit Java: true

20:36:40.502 [ATL-Logging-Thread] INFO  - RAM Available: 64153MB

20:36:40.502 [ATL-Logging-Thread] INFO  - Launcher Directory: **USERSDIR**

20:36:40.522 [ATL-Logging-Thread] INFO  - GPU: GA104 [GeForce RTX 3060 Ti Lite Hash Rate] (NVIDIA Corporation (0x10de)) unknown 288MB VRAM

20:36:40.557 [ATL-Logging-Thread] INFO  - CPU: 12th Gen Intel(R) Core(TM) i5-12600KF 10 cores/16 threads

20:36:40.558 [ATL-Logging-Thread] INFO  - Operating System: Fedora (39 (Thirty Nine) build 6.8.11-200.fc39.x86_64)

20:36:40.558 [ATL-Logging-Thread] INFO  - Bitness: 64

20:36:40.559 [ATL-Logging-Thread] INFO  - Uptime: 244002

20:36:40.560 [ATL-Logging-Thread] INFO  - Manufacturer: GNU/Linux

20:36:40.560 [ATL-Logging-Thread] INFO  - Showing splash screen and loading everything

20:36:40.561 [ATL-Logging-Thread] INFO  - Checking for updated files!

20:36:41.115 [ATL-Logging-Thread] INFO  - Launcher finished loading everything

20:36:41.119 [ATL-Logging-Thread] INFO  - Checking for updates to CurseForge instances

20:36:41.131 [ATL-Logging-Thread] INFO  - Launcher opening

20:36:41.132 [ATL-Logging-Thread] INFO  - Made By Bob*

20:36:41.133 [ATL-Logging-Thread] INFO  - *(Not Actually)

20:36:41.138 [ATL-Logging-Thread] INFO  - Setting up Bottom Bar

20:36:41.180 [ATL-Logging-Thread] INFO  - Finished Setting up Bottom Bar

20:36:41.181 [ATL-Logging-Thread] INFO  - Setting up Tabs

20:36:41.411 [ATL-Logging-Thread] INFO  - Finished Setting up Tabs

20:36:41.417 [ATL-Logging-Thread] INFO  - Showing Launcher

20:36:49.361 [ATL-Logging-Thread] INFO  - Preparing for launch!

20:36:49.811 [ATL-Logging-Thread] INFO  - Launching pack ArsFirmaCraft 0.0.3 (ATLauncher) for Minecraft 1.20.1

20:36:49.812 [ATL-Logging-Thread] INFO  - Logging into Minecraft!

20:36:49.846 [ATL-Logging-Thread] INFO  - Loader: Forge 47.3.0

20:36:49.847 [ATL-Logging-Thread] WARN  - The Use Java Provided By Minecraft option has been disabled. If you're experiencing crashes, please enable this option.

20:36:49.848 [ATL-Logging-Thread] INFO  - Mods:

20:36:49.848 [ATL-Logging-Thread] INFO  -  - /BlazeMap-1.20.1-0.7.4-beta.jar

20:36:49.849 [ATL-Logging-Thread] INFO  -  - /cloth-config-11.1.136-forge.jar

20:36:49.849 [ATL-Logging-Thread] INFO  -  - /Xaeros_Minimap_24.6.1_Forge_1.20.jar

20:36:49.850 [ATL-Logging-Thread] INFO  -  - /geckolib-neoforge-1.20.1-4.4.9.jar

20:36:49.851 [ATL-Logging-Thread] INFO  -  - /XaerosWorldMap_1.39.0_Forge_1.20.jar

20:36:49.852 [ATL-Logging-Thread] INFO  -  - /entityculling-forge-1.7.1-mc1.20.1.jar

20:36:49.853 [ATL-Logging-Thread] INFO  -  - /collective-1.20.1-7.87.jar

20:36:49.853 [ATL-Logging-Thread] INFO  -  - /JustEnoughResources-1.20.1-1.4.0.247.jar

20:36:49.855 [ATL-Logging-Thread] INFO  -  - /ferritecore-6.0.1-forge.jar

20:36:49.857 [ATL-Logging-Thread] INFO  -  - /NaNny-1.0.1.jar

20:36:49.858 [ATL-Logging-Thread] INFO  -  - /Jade-1.20.1-Forge-11.12.2.jar

20:36:49.859 [ATL-Logging-Thread] INFO  -  - /architectury-9.2.14-forge.jar

20:36:49.860 [ATL-Logging-Thread] INFO  -  - /Controlling-forge-1.20.1-12.0.2.jar

20:36:49.860 [ATL-Logging-Thread] INFO  -  - /rhino-forge-2001.2.3-build.6.jar

20:36:49.861 [ATL-Logging-Thread] INFO  -  - /jeiintegration_1.20.1-10.0.0.jar

20:36:49.861 [ATL-Logging-Thread] INFO  -  - /curios-forge-5.11.0+1.20.1.jar

20:36:49.862 [ATL-Logging-Thread] INFO  -  - /supplementaries-1.20-3.1.9.jar

20:36:49.864 [ATL-Logging-Thread] INFO  -  - /Totemic-forge-1.20.1-0.12.14.jar

20:36:49.864 [ATL-Logging-Thread] INFO  -  - /corpse-forge-1.20.1-1.0.17.jar

20:36:49.865 [ATL-Logging-Thread] INFO  -  - /customvillagertrades-forge-20.25.0.jar

20:36:49.865 [ATL-Logging-Thread] INFO  -  - /CreativeCore_FORGE_v2.12.22_mc1.20.1.jar

20:36:49.866 [ATL-Logging-Thread] INFO  -  - /probejs-6.0.1-forge.jar

20:36:49.866 [ATL-Logging-Thread] INFO  -  - /TFCAstikorCarts-1.20.1-1.1.8.3.jar

20:36:49.867 [ATL-Logging-Thread] INFO  -  - /waystones-forge-1.20-14.1.6.jar

20:36:49.867 [ATL-Logging-Thread] INFO  -  - /kotlinforforge-4.11.0-all.jar

20:36:49.868 [ATL-Logging-Thread] INFO  -  - /TerraFirmaCraft-Forge-1.20.1-3.2.7.jar

20:36:49.868 [ATL-Logging-Thread] INFO  -  - /passiveshield-1.20.1-3.6.jar

20:36:49.869 [ATL-Logging-Thread] INFO  -  - /jei-1.20.1-forge-15.20.0.105.jar

20:36:49.870 [ATL-Logging-Thread] INFO  -  - /xaeros_waystones_compability-1.0.jar

20:36:49.870 [ATL-Logging-Thread] INFO  -  - /alekiNiftyShips-FORGE-1.20.1-1.0.13.jar

20:36:49.871 [ATL-Logging-Thread] INFO  -  - /modernfix-forge-5.19.5+mc1.20.1.jar

20:36:49.871 [ATL-Logging-Thread] INFO  -  - /Sacks 'N Such-1.20.1-1.1.2-all.jar

20:36:49.872 [ATL-Logging-Thread] INFO  -  - /FirmaCivilization-1.20.1-1.0.9.jar

20:36:49.872 [ATL-Logging-Thread] INFO  -  - /kubejs-forge-2001.6.5-build.16.jar

20:36:49.873 [ATL-Logging-Thread] INFO  -  - /cristellib-1.1.6-forge.jar

20:36:49.874 [ATL-Logging-Thread] INFO  -  - /AmbientSounds_FORGE_v6.1.3_mc1.20.1.jar

20:36:49.874 [ATL-Logging-Thread] INFO  -  - /Firmalife-1.20.1-2.1.13.jar

20:36:49.875 [ATL-Logging-Thread] INFO  -  - /crawlondemand-1.20.x-1.0.0.jar

20:36:49.875 [ATL-Logging-Thread] INFO  -  - /TFCDesirePaths-1.20.1-1.3.jar

20:36:49.876 [ATL-Logging-Thread] INFO  -  - /TFCCaelum-1.20.1-1.2.jar

20:36:49.876 [ATL-Logging-Thread] INFO  -  - /embeddium-0.2.16+mc1.20.1.jar

20:36:49.877 [ATL-Logging-Thread] INFO  -  - /kubejs_tfc-1.20.1-1.2.2.jar

20:36:49.877 [ATL-Logging-Thread] INFO  -  - /Searchables-forge-1.20.1-1.0.3.jar

20:36:49.878 [ATL-Logging-Thread] INFO  -  - /TFCGyres-OreHints-2.1.jar

20:36:49.878 [ATL-Logging-Thread] INFO  -  - /sit-1.20.1-1.3.5.jar

20:36:49.883 [ATL-Logging-Thread] INFO  -  - /astikorcarts-1.20.1-1.1.8.jar

20:36:49.883 [ATL-Logging-Thread] INFO  -  - /dynamiclightsreforged-1.20.1_v1.6.0.jar

20:36:49.884 [ATL-Logging-Thread] INFO  -  - /Cartography-1.20.1-0.5.1-beta.jar

20:36:49.884 [ATL-Logging-Thread] INFO  -  - /comforts-forge-6.4.0+1.20.1.jar

20:36:49.885 [ATL-Logging-Thread] INFO  -  - /beneath-1.20.1-1.0.3.jar

20:36:49.885 [ATL-Logging-Thread] INFO  -  - /chalk-1.20.1-1.6.4.jar

20:36:49.886 [ATL-Logging-Thread] INFO  -  - /rubidium_extras-1.20.1_v1.4.3.jar

20:36:49.886 [ATL-Logging-Thread] INFO  -  - /balm-forge-1.20.1-7.3.9-all.jar

20:36:49.887 [ATL-Logging-Thread] INFO  -  - /Patchouli-1.20.1-84-FORGE.jar

20:36:49.887 [ATL-Logging-Thread] INFO  -  - /moonlight-1.20-2.13.33-forge.jar

20:36:49.887 [ATL-Logging-Thread] INFO  -  - /responsiveshields-2.3-mc1.18-19-20.x.jar

20:36:49.888 [ATL-Logging-Thread] INFO  -  - /AI-Improvements-1.20-0.5.2.jar

20:36:49.889 [ATL-Logging-Thread] INFO  -  - /InventoryProfilesNext-forge-1.20-1.10.11.jar

20:36:49.889 [ATL-Logging-Thread] INFO  -  - /MouseTweaks-forge-mc1.20.1-2.25.1.jar

20:36:49.890 [ATL-Logging-Thread] INFO  -  - /caelum-1.20.1-2.0.0.0.jar

20:36:49.890 [ATL-Logging-Thread] INFO  -  - /barrels_2012-2.1.jar

20:36:49.891 [ATL-Logging-Thread] INFO  -  - /libIPN-forge-1.20-4.0.2.jar

20:36:49.891 [ATL-Logging-Thread] INFO  -  - /SmartBrainLib-neoforge-1.20.1-1.15.jar

20:36:49.892 [ATL-Logging-Thread] INFO  - Launching Minecraft with the following arguments (user related stuff has been removed): [gamemoderun, /usr/lib/jvm/java-17-openjdk/bin/java, -Xmx6144M, -XX:MetaspaceSize=256M, -Duser.language=en, -Duser.country=US, -Dfml.log.level=INFO, -Dlog4j.configurationFile=USERSDIR/assets/log_configs/client-1.12.xml, -XX:+UnlockExperimentalVMOptions, -XX:+UseG1GC, -XX:G1NewSizePercent=20, -XX:G1ReservePercent=20, -XX:MaxGCPauseMillis=50, -XX:G1HeapRegionSize=32M, -Dsun.rmi.dgc.server.gcInterval=2147483646, -Xss1M, -Djava.library.path=USERSDIR/temp/natives-f9976dae48aa4030abf326a3b61e9cfa, -Djna.tmpdir=USERSDIR/temp/natives-f9976dae48aa4030abf326a3b61e9cfa, -Dorg.lwjgl.system.SharedLibraryExtractPath=USERSDIR/temp/natives-f9976dae48aa4030abf326a3b61e9cfa, -Dio.netty.native.workdir=USERSDIR/temp/natives-f9976dae48aa4030abf326a3b61e9cfa, -Dminecraft.launcher.brand=ATLauncher, -Dminecraft.launcher.version=3.4.38.0, -cp, USERSDIR/libraries/cpw/mods/securejarhandler/2.1.10/securejarhandler-2.1.10.jar:USERSDIR/libraries/org/ow2/asm/asm/9.7/asm-9.7.jar:USERSDIR/libraries/org/ow2/asm/asm-commons/9.7/asm-commons-9.7.jar:USERSDIR/libraries/org/ow2/asm/asm-tree/9.7/asm-tree-9.7.jar:USERSDIR/libraries/org/ow2/asm/asm-util/9.7/asm-util-9.7.jar:USERSDIR/libraries/org/ow2/asm/asm-analysis/9.7/asm-analysis-9.7.jar:USERSDIR/libraries/net/minecraftforge/accesstransformers/8.0.4/accesstransformers-8.0.4.jar:USERSDIR/libraries/org/antlr/antlr4-runtime/4.9.1/antlr4-runtime-4.9.1.jar:USERSDIR/libraries/net/minecraftforge/eventbus/6.0.5/eventbus-6.0.5.jar:USERSDIR/libraries/net/minecraftforge/forgespi/7.0.1/forgespi-7.0.1.jar:USERSDIR/libraries/net/minecraftforge/coremods/5.1.6/coremods-5.1.6.jar:USERSDIR/libraries/cpw/mods/modlauncher/10.0.9/modlauncher-10.0.9.jar:USERSDIR/libraries/net/minecraftforge/unsafe/0.2.0/unsafe-0.2.0.jar:USERSDIR/libraries/net/minecraftforge/mergetool/1.1.5/mergetool-1.1.5-api.jar:USERSDIR/libraries/com/electronwill/night-config/core/3.6.4/core-3.6.4.jar:USERSDIR/libraries/com/electronwill/night-config/toml/3.6.4/toml-3.6.4.jar:USERSDIR/libraries/org/apache/maven/maven-artifact/3.8.5/maven-artifact-3.8.5.jar:USERSDIR/libraries/net/jodah/typetools/0.6.3/typetools-0.6.3.jar:USERSDIR/libraries/net/minecrell/terminalconsoleappender/1.2.0/terminalconsoleappender-1.2.0.jar:USERSDIR/libraries/org/jline/jline-reader/3.12.1/jline-reader-3.12.1.jar:USERSDIR/libraries/org/jline/jline-terminal/3.12.1/jline-terminal-3.12.1.jar:USERSDIR/libraries/org/spongepowered/mixin/0.8.5/mixin-0.8.5.jar:USERSDIR/libraries/org/openjdk/nashorn/nashorn-core/15.3/nashorn-core-15.3.jar:USERSDIR/libraries/net/minecraftforge/JarJarSelector/0.3.19/JarJarSelector-0.3.19.jar:USERSDIR/libraries/net/minecraftforge/JarJarMetadata/0.3.19/JarJarMetadata-0.3.19.jar:USERSDIR/libraries/cpw/mods/bootstraplauncher/1.1.2/bootstraplauncher-1.1.2.jar:USERSDIR/libraries/net/minecraftforge/JarJarFileSystems/0.3.19/JarJarFileSystems-0.3.19.jar:USERSDIR/libraries/net/minecraftforge/fmlloader/1.20.1-47.3.0/fmlloader-1.20.1-47.3.0.jar:USERSDIR/libraries/net/minecraftforge/fmlearlydisplay/1.20.1-47.3.0/fmlearlydisplay-1.20.1-47.3.0.jar:USERSDIR/libraries/com/github/oshi/oshi-core/6.2.2/oshi-core-6.2.2.jar:USERSDIR/libraries/com/google/code/gson/gson/2.10/gson-2.10.jar:USERSDIR/libraries/com/google/guava/failureaccess/1.0.1/failureaccess-1.0.1.jar:USERSDIR/libraries/com/google/guava/guava/31.1-jre/guava-31.1-jre.jar:USERSDIR/libraries/com/ibm/icu/icu4j/71.1/icu4j-71.1.jar:USERSDIR/libraries/com/mojang/authlib/4.0.43/authlib-4.0.43.jar:USERSDIR/libraries/com/mojang/blocklist/1.0.10/blocklist-1.0.10.jar:USERSDIR/libraries/com/mojang/brigadier/1.1.8/brigadier-1.1.8.jar:USERSDIR/libraries/com/mojang/datafixerupper/6.0.8/datafixerupper-6.0.8.jar:USERSDIR/libraries/com/mojang/logging/1.1.1/logging-1.1.1.jar:USERSDIR/libraries/com/mojang/patchy/2.2.10/patchy-2.2.10.jar:USERSDIR/libraries/com/mojang/text2speech/1.17.9/text2speech-1.17.9.jar:USERSDIR/libraries/commons-codec/commons-codec/1.15/commons-codec-1.15.jar:USERSDIR/libraries/commons-io/commons-io/2.11.0/commons-io-2.11.0.jar:USERSDIR/libraries/commons-logging/commons-logging/1.2/commons-logging-1.2.jar:USERSDIR/libraries/io/netty/netty-buffer/4.1.82.Final/netty-buffer-4.1.82.Final.jar:USERSDIR/libraries/io/netty/netty-codec/4.1.82.Final/netty-codec-4.1.82.Final.jar:USERSDIR/libraries/io/netty/netty-common/4.1.82.Final/netty-common-4.1.82.Final.jar:USERSDIR/libraries/io/netty/netty-handler/4.1.82.Final/netty-handler-4.1.82.Final.jar:USERSDIR/libraries/io/netty/netty-resolver/4.1.82.Final/netty-resolver-4.1.82.Final.jar:USERSDIR/libraries/io/netty/netty-transport-classes-epoll/4.1.82.Final/netty-transport-classes-epoll-4.1.82.Final.jar:USERSDIR/libraries/io/netty/netty-transport-native-epoll/4.1.82.Final/netty-transport-native-epoll-4.1.82.Final-linux-aarch_64.jar:USERSDIR/libraries/io/netty/netty-transport-native-epoll/4.1.82.Final/netty-transport-native-epoll-4.1.82.Final-linux-x86_64.jar:USERSDIR/libraries/io/netty/netty-transport-native-unix-common/4.1.82.Final/netty-transport-native-unix-common-4.1.82.Final.jar:USERSDIR/libraries/io/netty/netty-transport/4.1.82.Final/netty-transport-4.1.82.Final.jar:USERSDIR/libraries/it/unimi/dsi/fastutil/8.5.9/fastutil-8.5.9.jar:USERSDIR/libraries/net/java/dev/jna/jna-platform/5.12.1/jna-platform-5.12.1.jar:USERSDIR/libraries/net/java/dev/jna/jna/5.12.1/jna-5.12.1.jar:USERSDIR/libraries/net/sf/jopt-simple/jopt-simple/5.0.4/jopt-simple-5.0.4.jar:USERSDIR/libraries/org/apache/commons/commons-compress/1.21/commons-compress-1.21.jar:USERSDIR/libraries/org/apache/commons/commons-lang3/3.12.0/commons-lang3-3.12.0.jar:USERSDIR/libraries/org/apache/httpcomponents/httpclient/4.5.13/httpclient-4.5.13.jar:USERSDIR/libraries/org/apache/httpcomponents/httpcore/4.4.15/httpcore-4.4.15.jar:USERSDIR/libraries/org/apache/logging/log4j/log4j-api/2.19.0/log4j-api-2.19.0.jar:USERSDIR/libraries/org/apache/logging/log4j/log4j-core/2.19.0/log4j-core-2.19.0.jar:USERSDIR/libraries/org/apache/logging/log4j/log4j-slf4j2-impl/2.19.0/log4j-slf4j2-impl-2.19.0.jar:USERSDIR/libraries/org/joml/joml/1.10.5/joml-1.10.5.jar:USERSDIR/libraries/org/lwjgl/lwjgl-glfw/3.3.1/lwjgl-glfw-3.3.1.jar:USERSDIR/libraries/org/lwjgl/lwjgl-glfw/3.3.1/lwjgl-glfw-3.3.1-natives-linux.jar:USERSDIR/libraries/org/lwjgl/lwjgl-jemalloc/3.3.1/lwjgl-jemalloc-3.3.1.jar:USERSDIR/libraries/org/lwjgl/lwjgl-jemalloc/3.3.1/lwjgl-jemalloc-3.3.1-natives-linux.jar:USERSDIR/libraries/org/lwjgl/lwjgl-openal/3.3.1/lwjgl-openal-3.3.1.jar:USERSDIR/libraries/org/lwjgl/lwjgl-openal/3.3.1/lwjgl-openal-3.3.1-natives-linux.jar:USERSDIR/libraries/org/lwjgl/lwjgl-opengl/3.3.1/lwjgl-opengl-3.3.1.jar:USERSDIR/libraries/org/lwjgl/lwjgl-opengl/3.3.1/lwjgl-opengl-3.3.1-natives-linux.jar:USERSDIR/libraries/org/lwjgl/lwjgl-stb/3.3.1/lwjgl-stb-3.3.1.jar:USERSDIR/libraries/org/lwjgl/lwjgl-stb/3.3.1/lwjgl-stb-3.3.1-natives-linux.jar:USERSDIR/libraries/org/lwjgl/lwjgl-tinyfd/3.3.1/lwjgl-tinyfd-3.3.1.jar:USERSDIR/libraries/org/lwjgl/lwjgl-tinyfd/3.3.1/lwjgl-tinyfd-3.3.1-natives-linux.jar:USERSDIR/libraries/org/lwjgl/lwjgl/3.3.1/lwjgl-3.3.1.jar:USERSDIR/libraries/org/lwjgl/lwjgl/3.3.1/lwjgl-3.3.1-natives-linux.jar:USERSDIR/libraries/org/slf4j/slf4j-api/2.0.1/slf4j-api-2.0.1.jar:USERSDIR/libraries/net/minecraft/client/1.20.1/client-1.20.1.jar, -Djava.net.preferIPv6Addresses=system, -DignoreList=bootstraplauncher,securejarhandler,asm-commons,asm-util,asm-analysis,asm-tree,asm,JarJarFileSystems,client-extra,fmlcore,javafmllanguage,lowcodelanguage,mclanguage,forge-,1.20.1.jar,client-1.20.1.jar, -DmergeModules=jna-5.10.0.jar,jna-platform-5.10.0.jar, -DlibraryDirectory=USERSDIR/libraries, -p, USERSDIR/libraries/cpw/mods/bootstraplauncher/1.1.2/bootstraplauncher-1.1.2.jar:USERSDIR/libraries/cpw/mods/securejarhandler/2.1.10/securejarhandler-2.1.10.jar:USERSDIR/libraries/org/ow2/asm/asm-commons/9.7/asm-commons-9.7.jar:USERSDIR/libraries/org/ow2/asm/asm-util/9.7/asm-util-9.7.jar:USERSDIR/libraries/org/ow2/asm/asm-analysis/9.7/asm-analysis-9.7.jar:USERSDIR/libraries/org/ow2/asm/asm-tree/9.7/asm-tree-9.7.jar:USERSDIR/libraries/org/ow2/asm/asm/9.7/asm-9.7.jar:USERSDIR/libraries/net/minecraftforge/JarJarFileSystems/0.3.19/JarJarFileSystems-0.3.19.jar, --add-modules, ALL-MODULE-PATH, --add-opens, java.base/java.util.jar=cpw.mods.securejarhandler, --add-opens, java.base/java.lang.invoke=cpw.mods.securejarhandler, --add-exports, java.base/sun.security.util=cpw.mods.securejarhandler, --add-exports, jdk.naming.dns/com.sun.jndi.dns=java.naming, cpw.mods.bootstraplauncher.BootstrapLauncher, --username, REDACTED, --version, 1.20.1, --gameDir, USERSDIR/instances/Essentials, --assetsDir, USERSDIR/assets, --assetIndex, 5, --uuid, REDACTED, --accessToken, REDACTED, --userType, msa, --versionType, release, --launchTarget, forgeclient, --fml.forgeVersion, 47.3.0, --fml.mcVersion, 1.20.1, --fml.forgeGroup, net.minecraftforge, --fml.mcpVersion, 20230612.114412, --width=854, --height=480]

20:39:22.370 [ATL-Logging-Thread] ERROR - Killing Minecraft

20:39:22.929 [ATL-Logging-Thread] ERROR - Oh no. Minecraft crashed. Please check the logs for any errors and provide these logs when asking for support.

20:39:22.929 [ATL-Logging-Thread] WARN  - The Use Java Provided By Minecraft option has been disabled. Please enable this option again.

20:39:22.933 [ATL-Logging-Thread] INFO  - Checking for updated files!

20:39:22.934 [ATL-Logging-Thread] INFO  - Checking for updates to CurseForge instances

20:40:05.085 [ATL-Logging-Thread] INFO  - Preparing for launch!

20:40:05.407 [ATL-Logging-Thread] INFO  - Launching pack ArsFirmaCraft 0.0.3 (ATLauncher) for Minecraft 1.20.1

20:40:05.407 [ATL-Logging-Thread] INFO  - Logging into Minecraft!

20:40:05.437 [ATL-Logging-Thread] INFO  - Loader: Forge 47.3.0

20:40:05.439 [ATL-Logging-Thread] WARN  - The Use Java Provided By Minecraft option has been disabled. If you're experiencing crashes, please enable this option.

20:40:05.441 [ATL-Logging-Thread] INFO  - Mods:

20:40:05.442 [ATL-Logging-Thread] INFO  -  - /BlazeMap-1.20.1-0.7.4-beta.jar

20:40:05.444 [ATL-Logging-Thread] INFO  -  - /cloth-config-11.1.136-forge.jar

20:40:05.445 [ATL-Logging-Thread] INFO  -  - /Xaeros_Minimap_24.6.1_Forge_1.20.jar

20:40:05.446 [ATL-Logging-Thread] INFO  -  - /geckolib-neoforge-1.20.1-4.4.9.jar

20:40:05.448 [ATL-Logging-Thread] INFO  -  - /XaerosWorldMap_1.39.0_Forge_1.20.jar

20:40:05.448 [ATL-Logging-Thread] INFO  -  - /entityculling-forge-1.7.1-mc1.20.1.jar

20:40:05.449 [ATL-Logging-Thread] INFO  -  - /collective-1.20.1-7.87.jar

20:40:05.450 [ATL-Logging-Thread] INFO  -  - /JustEnoughResources-1.20.1-1.4.0.247.jar

20:40:05.450 [ATL-Logging-Thread] INFO  -  - /ferritecore-6.0.1-forge.jar

20:40:05.451 [ATL-Logging-Thread] INFO  -  - /NaNny-1.0.1.jar

20:40:05.451 [ATL-Logging-Thread] INFO  -  - /Jade-1.20.1-Forge-11.12.2.jar

20:40:05.452 [ATL-Logging-Thread] INFO  -  - /architectury-9.2.14-forge.jar

20:40:05.453 [ATL-Logging-Thread] INFO  -  - /Controlling-forge-1.20.1-12.0.2.jar

20:40:05.453 [ATL-Logging-Thread] INFO  -  - /rhino-forge-2001.2.3-build.6.jar

20:40:05.454 [ATL-Logging-Thread] INFO  -  - /jeiintegration_1.20.1-10.0.0.jar

20:40:05.455 [ATL-Logging-Thread] INFO  -  - /curios-forge-5.11.0+1.20.1.jar

20:40:05.455 [ATL-Logging-Thread] INFO  -  - /supplementaries-1.20-3.1.9.jar

20:40:05.455 [ATL-Logging-Thread] INFO  -  - /Totemic-forge-1.20.1-0.12.14.jar

20:40:05.455 [ATL-Logging-Thread] INFO  -  - /corpse-forge-1.20.1-1.0.17.jar

20:40:05.456 [ATL-Logging-Thread] INFO  -  - /customvillagertrades-forge-20.25.0.jar

20:40:05.457 [ATL-Logging-Thread] INFO  -  - /CreativeCore_FORGE_v2.12.22_mc1.20.1.jar

20:40:05.457 [ATL-Logging-Thread] INFO  -  - /probejs-6.0.1-forge.jar

20:40:05.458 [ATL-Logging-Thread] INFO  -  - /TFCAstikorCarts-1.20.1-1.1.8.3.jar

20:40:05.458 [ATL-Logging-Thread] INFO  -  - /waystones-forge-1.20-14.1.6.jar

20:40:05.459 [ATL-Logging-Thread] INFO  -  - /kotlinforforge-4.11.0-all.jar

20:40:05.460 [ATL-Logging-Thread] INFO  -  - /TerraFirmaCraft-Forge-1.20.1-3.2.7.jar

20:40:05.461 [ATL-Logging-Thread] INFO  -  - /passiveshield-1.20.1-3.6.jar

20:40:05.462 [ATL-Logging-Thread] INFO  -  - /jei-1.20.1-forge-15.20.0.105.jar

20:40:05.463 [ATL-Logging-Thread] INFO  -  - /xaeros_waystones_compability-1.0.jar

20:40:05.463 [ATL-Logging-Thread] INFO  -  - /alekiNiftyShips-FORGE-1.20.1-1.0.13.jar

20:40:05.464 [ATL-Logging-Thread] INFO  -  - /modernfix-forge-5.19.5+mc1.20.1.jar

20:40:05.465 [ATL-Logging-Thread] INFO  -  - /Sacks 'N Such-1.20.1-1.1.2-all.jar

20:40:05.465 [ATL-Logging-Thread] INFO  -  - /FirmaCivilization-1.20.1-1.0.9.jar

20:40:05.466 [ATL-Logging-Thread] INFO  -  - /kubejs-forge-2001.6.5-build.16.jar

20:40:05.466 [ATL-Logging-Thread] INFO  -  - /cristellib-1.1.6-forge.jar

20:40:05.467 [ATL-Logging-Thread] INFO  -  - /AmbientSounds_FORGE_v6.1.3_mc1.20.1.jar

20:40:05.468 [ATL-Logging-Thread] INFO  -  - /Firmalife-1.20.1-2.1.13.jar

20:40:05.468 [ATL-Logging-Thread] INFO  -  - /crawlondemand-1.20.x-1.0.0.jar

20:40:05.469 [ATL-Logging-Thread] INFO  -  - /TFCDesirePaths-1.20.1-1.3.jar

20:40:05.469 [ATL-Logging-Thread] INFO  -  - /TFCCaelum-1.20.1-1.2.jar

20:40:05.470 [ATL-Logging-Thread] INFO  -  - /embeddium-0.2.16+mc1.20.1.jar

20:40:05.470 [ATL-Logging-Thread] INFO  -  - /kubejs_tfc-1.20.1-1.2.2.jar

20:40:05.471 [ATL-Logging-Thread] INFO  -  - /Searchables-forge-1.20.1-1.0.3.jar

20:40:05.472 [ATL-Logging-Thread] INFO  -  - /TFCGyres-OreHints-2.1.jar

20:40:05.472 [ATL-Logging-Thread] INFO  -  - /sit-1.20.1-1.3.5.jar

20:40:05.473 [ATL-Logging-Thread] INFO  -  - /astikorcarts-1.20.1-1.1.8.jar

20:40:05.474 [ATL-Logging-Thread] INFO  -  - /dynamiclightsreforged-1.20.1_v1.6.0.jar

20:40:05.474 [ATL-Logging-Thread] INFO  -  - /Cartography-1.20.1-0.5.1-beta.jar

20:40:05.474 [ATL-Logging-Thread] INFO  -  - /comforts-forge-6.4.0+1.20.1.jar

20:40:05.475 [ATL-Logging-Thread] INFO  -  - /beneath-1.20.1-1.0.3.jar

20:40:05.475 [ATL-Logging-Thread] INFO  -  - /chalk-1.20.1-1.6.4.jar

20:40:05.476 [ATL-Logging-Thread] INFO  -  - /rubidium_extras-1.20.1_v1.4.3.jar

20:40:05.476 [ATL-Logging-Thread] INFO  -  - /balm-forge-1.20.1-7.3.9-all.jar

20:40:05.477 [ATL-Logging-Thread] INFO  -  - /Patchouli-1.20.1-84-FORGE.jar

20:40:05.477 [ATL-Logging-Thread] INFO  -  - /moonlight-1.20-2.13.33-forge.jar

20:40:05.478 [ATL-Logging-Thread] INFO  -  - /responsiveshields-2.3-mc1.18-19-20.x.jar

20:40:05.478 [ATL-Logging-Thread] INFO  -  - /AI-Improvements-1.20-0.5.2.jar

20:40:05.479 [ATL-Logging-Thread] INFO  -  - /InventoryProfilesNext-forge-1.20-1.10.11.jar

20:40:05.479 [ATL-Logging-Thread] INFO  -  - /MouseTweaks-forge-mc1.20.1-2.25.1.jar

20:40:05.479 [ATL-Logging-Thread] INFO  -  - /caelum-1.20.1-2.0.0.0.jar

20:40:05.480 [ATL-Logging-Thread] INFO  -  - /barrels_2012-2.1.jar

20:40:05.480 [ATL-Logging-Thread] INFO  -  - /libIPN-forge-1.20-4.0.2.jar

20:40:05.481 [ATL-Logging-Thread] INFO  -  - /SmartBrainLib-neoforge-1.20.1-1.15.jar

20:40:05.481 [ATL-Logging-Thread] INFO  - Launching Minecraft with the following arguments (user related stuff has been removed): [gamemoderun, /usr/lib/jvm/java-17-openjdk/bin/java, -Xmx6144M, -XX:MetaspaceSize=256M, -Duser.language=en, -Duser.country=US, -Dfml.log.level=INFO, -Dlog4j.configurationFile=USERSDIR/assets/log_configs/client-1.12.xml, -XX:+UnlockExperimentalVMOptions, -XX:+UseG1GC, -XX:G1NewSizePercent=20, -XX:G1ReservePercent=20, -XX:MaxGCPauseMillis=50, -XX:G1HeapRegionSize=32M, -Dsun.rmi.dgc.server.gcInterval=2147483646, -Xss1M, -Djava.library.path=USERSDIR/temp/natives-e045848a0c1943c0a4440015b82496e0, -Djna.tmpdir=USERSDIR/temp/natives-e045848a0c1943c0a4440015b82496e0, -Dorg.lwjgl.system.SharedLibraryExtractPath=USERSDIR/temp/natives-e045848a0c1943c0a4440015b82496e0, -Dio.netty.native.workdir=USERSDIR/temp/natives-e045848a0c1943c0a4440015b82496e0, -Dminecraft.launcher.brand=ATLauncher, -Dminecraft.launcher.version=3.4.38.0, -cp, USERSDIR/libraries/cpw/mods/securejarhandler/2.1.10/securejarhandler-2.1.10.jar:USERSDIR/libraries/org/ow2/asm/asm/9.7/asm-9.7.jar:USERSDIR/libraries/org/ow2/asm/asm-commons/9.7/asm-commons-9.7.jar:USERSDIR/libraries/org/ow2/asm/asm-tree/9.7/asm-tree-9.7.jar:USERSDIR/libraries/org/ow2/asm/asm-util/9.7/asm-util-9.7.jar:USERSDIR/libraries/org/ow2/asm/asm-analysis/9.7/asm-analysis-9.7.jar:USERSDIR/libraries/net/minecraftforge/accesstransformers/8.0.4/accesstransformers-8.0.4.jar:USERSDIR/libraries/org/antlr/antlr4-runtime/4.9.1/antlr4-runtime-4.9.1.jar:USERSDIR/libraries/net/minecraftforge/eventbus/6.0.5/eventbus-6.0.5.jar:USERSDIR/libraries/net/minecraftforge/forgespi/7.0.1/forgespi-7.0.1.jar:USERSDIR/libraries/net/minecraftforge/coremods/5.1.6/coremods-5.1.6.jar:USERSDIR/libraries/cpw/mods/modlauncher/10.0.9/modlauncher-10.0.9.jar:USERSDIR/libraries/net/minecraftforge/unsafe/0.2.0/unsafe-0.2.0.jar:USERSDIR/libraries/net/minecraftforge/mergetool/1.1.5/mergetool-1.1.5-api.jar:USERSDIR/libraries/com/electronwill/night-config/core/3.6.4/core-3.6.4.jar:USERSDIR/libraries/com/electronwill/night-config/toml/3.6.4/toml-3.6.4.jar:USERSDIR/libraries/org/apache/maven/maven-artifact/3.8.5/maven-artifact-3.8.5.jar:USERSDIR/libraries/net/jodah/typetools/0.6.3/typetools-0.6.3.jar:USERSDIR/libraries/net/minecrell/terminalconsoleappender/1.2.0/terminalconsoleappender-1.2.0.jar:USERSDIR/libraries/org/jline/jline-reader/3.12.1/jline-reader-3.12.1.jar:USERSDIR/libraries/org/jline/jline-terminal/3.12.1/jline-terminal-3.12.1.jar:USERSDIR/libraries/org/spongepowered/mixin/0.8.5/mixin-0.8.5.jar:USERSDIR/libraries/org/openjdk/nashorn/nashorn-core/15.3/nashorn-core-15.3.jar:USERSDIR/libraries/net/minecraftforge/JarJarSelector/0.3.19/JarJarSelector-0.3.19.jar:USERSDIR/libraries/net/minecraftforge/JarJarMetadata/0.3.19/JarJarMetadata-0.3.19.jar:USERSDIR/libraries/cpw/mods/bootstraplauncher/1.1.2/bootstraplauncher-1.1.2.jar:USERSDIR/libraries/net/minecraftforge/JarJarFileSystems/0.3.19/JarJarFileSystems-0.3.19.jar:USERSDIR/libraries/net/minecraftforge/fmlloader/1.20.1-47.3.0/fmlloader-1.20.1-47.3.0.jar:USERSDIR/libraries/net/minecraftforge/fmlearlydisplay/1.20.1-47.3.0/fmlearlydisplay-1.20.1-47.3.0.jar:USERSDIR/libraries/com/github/oshi/oshi-core/6.2.2/oshi-core-6.2.2.jar:USERSDIR/libraries/com/google/code/gson/gson/2.10/gson-2.10.jar:USERSDIR/libraries/com/google/guava/failureaccess/1.0.1/failureaccess-1.0.1.jar:USERSDIR/libraries/com/google/guava/guava/31.1-jre/guava-31.1-jre.jar:USERSDIR/libraries/com/ibm/icu/icu4j/71.1/icu4j-71.1.jar:USERSDIR/libraries/com/mojang/authlib/4.0.43/authlib-4.0.43.jar:USERSDIR/libraries/com/mojang/blocklist/1.0.10/blocklist-1.0.10.jar:USERSDIR/libraries/com/mojang/brigadier/1.1.8/brigadier-1.1.8.jar:USERSDIR/libraries/com/mojang/datafixerupper/6.0.8/datafixerupper-6.0.8.jar:USERSDIR/libraries/com/mojang/logging/1.1.1/logging-1.1.1.jar:USERSDIR/libraries/com/mojang/patchy/2.2.10/patchy-2.2.10.jar:USERSDIR/libraries/com/mojang/text2speech/1.17.9/text2speech-1.17.9.jar:USERSDIR/libraries/commons-codec/commons-codec/1.15/commons-codec-1.15.jar:USERSDIR/libraries/commons-io/commons-io/2.11.0/commons-io-2.11.0.jar:USERSDIR/libraries/commons-logging/commons-logging/1.2/commons-logging-1.2.jar:USERSDIR/libraries/io/netty/netty-buffer/4.1.82.Final/netty-buffer-4.1.82.Final.jar:USERSDIR/libraries/io/netty/netty-codec/4.1.82.Final/netty-codec-4.1.82.Final.jar:USERSDIR/libraries/io/netty/netty-common/4.1.82.Final/netty-common-4.1.82.Final.jar:USERSDIR/libraries/io/netty/netty-handler/4.1.82.Final/netty-handler-4.1.82.Final.jar:USERSDIR/libraries/io/netty/netty-resolver/4.1.82.Final/netty-resolver-4.1.82.Final.jar:USERSDIR/libraries/io/netty/netty-transport-classes-epoll/4.1.82.Final/netty-transport-classes-epoll-4.1.82.Final.jar:USERSDIR/libraries/io/netty/netty-transport-native-epoll/4.1.82.Final/netty-transport-native-epoll-4.1.82.Final-linux-aarch_64.jar:USERSDIR/libraries/io/netty/netty-transport-native-epoll/4.1.82.Final/netty-transport-native-epoll-4.1.82.Final-linux-x86_64.jar:USERSDIR/libraries/io/netty/netty-transport-native-unix-common/4.1.82.Final/netty-transport-native-unix-common-4.1.82.Final.jar:USERSDIR/libraries/io/netty/netty-transport/4.1.82.Final/netty-transport-4.1.82.Final.jar:USERSDIR/libraries/it/unimi/dsi/fastutil/8.5.9/fastutil-8.5.9.jar:USERSDIR/libraries/net/java/dev/jna/jna-platform/5.12.1/jna-platform-5.12.1.jar:USERSDIR/libraries/net/java/dev/jna/jna/5.12.1/jna-5.12.1.jar:USERSDIR/libraries/net/sf/jopt-simple/jopt-simple/5.0.4/jopt-simple-5.0.4.jar:USERSDIR/libraries/org/apache/commons/commons-compress/1.21/commons-compress-1.21.jar:USERSDIR/libraries/org/apache/commons/commons-lang3/3.12.0/commons-lang3-3.12.0.jar:USERSDIR/libraries/org/apache/httpcomponents/httpclient/4.5.13/httpclient-4.5.13.jar:USERSDIR/libraries/org/apache/httpcomponents/httpcore/4.4.15/httpcore-4.4.15.jar:USERSDIR/libraries/org/apache/logging/log4j/log4j-api/2.19.0/log4j-api-2.19.0.jar:USERSDIR/libraries/org/apache/logging/log4j/log4j-core/2.19.0/log4j-core-2.19.0.jar:USERSDIR/libraries/org/apache/logging/log4j/log4j-slf4j2-impl/2.19.0/log4j-slf4j2-impl-2.19.0.jar:USERSDIR/libraries/org/joml/joml/1.10.5/joml-1.10.5.jar:USERSDIR/libraries/org/lwjgl/lwjgl-glfw/3.3.1/lwjgl-glfw-3.3.1.jar:USERSDIR/libraries/org/lwjgl/lwjgl-glfw/3.3.1/lwjgl-glfw-3.3.1-natives-linux.jar:USERSDIR/libraries/org/lwjgl/lwjgl-jemalloc/3.3.1/lwjgl-jemalloc-3.3.1.jar:USERSDIR/libraries/org/lwjgl/lwjgl-jemalloc/3.3.1/lwjgl-jemalloc-3.3.1-natives-linux.jar:USERSDIR/libraries/org/lwjgl/lwjgl-openal/3.3.1/lwjgl-openal-3.3.1.jar:USERSDIR/libraries/org/lwjgl/lwjgl-openal/3.3.1/lwjgl-openal-3.3.1-natives-linux.jar:USERSDIR/libraries/org/lwjgl/lwjgl-opengl/3.3.1/lwjgl-opengl-3.3.1.jar:USERSDIR/libraries/org/lwjgl/lwjgl-opengl/3.3.1/lwjgl-opengl-3.3.1-natives-linux.jar:USERSDIR/libraries/org/lwjgl/lwjgl-stb/3.3.1/lwjgl-stb-3.3.1.jar:USERSDIR/libraries/org/lwjgl/lwjgl-stb/3.3.1/lwjgl-stb-3.3.1-natives-linux.jar:USERSDIR/libraries/org/lwjgl/lwjgl-tinyfd/3.3.1/lwjgl-tinyfd-3.3.1.jar:USERSDIR/libraries/org/lwjgl/lwjgl-tinyfd/3.3.1/lwjgl-tinyfd-3.3.1-natives-linux.jar:USERSDIR/libraries/org/lwjgl/lwjgl/3.3.1/lwjgl-3.3.1.jar:USERSDIR/libraries/org/lwjgl/lwjgl/3.3.1/lwjgl-3.3.1-natives-linux.jar:USERSDIR/libraries/org/slf4j/slf4j-api/2.0.1/slf4j-api-2.0.1.jar:USERSDIR/libraries/net/minecraft/client/1.20.1/client-1.20.1.jar, -Djava.net.preferIPv6Addresses=system, -DignoreList=bootstraplauncher,securejarhandler,asm-commons,asm-util,asm-analysis,asm-tree,asm,JarJarFileSystems,client-extra,fmlcore,javafmllanguage,lowcodelanguage,mclanguage,forge-,1.20.1.jar,client-1.20.1.jar, -DmergeModules=jna-5.10.0.jar,jna-platform-5.10.0.jar, -DlibraryDirectory=USERSDIR/libraries, -p, USERSDIR/libraries/cpw/mods/bootstraplauncher/1.1.2/bootstraplauncher-1.1.2.jar:USERSDIR/libraries/cpw/mods/securejarhandler/2.1.10/securejarhandler-2.1.10.jar:USERSDIR/libraries/org/ow2/asm/asm-commons/9.7/asm-commons-9.7.jar:USERSDIR/libraries/org/ow2/asm/asm-util/9.7/asm-util-9.7.jar:USERSDIR/libraries/org/ow2/asm/asm-analysis/9.7/asm-analysis-9.7.jar:USERSDIR/libraries/org/ow2/asm/asm-tree/9.7/asm-tree-9.7.jar:USERSDIR/libraries/org/ow2/asm/asm/9.7/asm-9.7.jar:USERSDIR/libraries/net/minecraftforge/JarJarFileSystems/0.3.19/JarJarFileSystems-0.3.19.jar, --add-modules, ALL-MODULE-PATH, --add-opens, java.base/java.util.jar=cpw.mods.securejarhandler, --add-opens, java.base/java.lang.invoke=cpw.mods.securejarhandler, --add-exports, java.base/sun.security.util=cpw.mods.securejarhandler, --add-exports, jdk.naming.dns/com.sun.jndi.dns=java.naming, cpw.mods.bootstraplauncher.BootstrapLauncher, --username, REDACTED, --version, 1.20.1, --gameDir, USERSDIR/instances/Essentials, --assetsDir, USERSDIR/assets, --assetIndex, 5, --uuid, REDACTED, --accessToken, REDACTED, --userType, msa, --versionType, release, --launchTarget, forgeclient, --fml.forgeVersion, 47.3.0, --fml.mcVersion, 1.20.1, --fml.forgeGroup, net.minecraftforge, --fml.mcpVersion, 20230612.114412, --width=854, --height=480]

20:41:01.661 [ATL-Logging-Thread] INFO  - Checking for updated files!

20:41:01.663 [ATL-Logging-Thread] INFO  - Checking for updates to CurseForge instances

